Model server running on node: gr041.hpc.nyu.edu with IP: 10.32.35.100
Loading checkpoint shards:   0%|          | 0/2 [00:00<?, ?it/s]Loading checkpoint shards:  50%|█████     | 1/2 [00:13<00:13, 13.44s/it]Loading checkpoint shards: 100%|██████████| 2/2 [00:15<00:00,  6.67s/it]Loading checkpoint shards: 100%|██████████| 2/2 [00:15<00:00,  7.69s/it]
called draft-verify
-------- first token run -----------------
drafting phase..
drafting phase..
drafting phase..
drafting phase..
drafting phase..
drafted:  5
------ sent for verification ------
Drafted: 5, Matched: 5, Matchness: 0.40, Th_stop_draft: 0.30
drafting phase..
drafting phase..
drafting phase..
drafting phase..
drafting phase..
drafted:  5
------ sent for verification ------
Drafted: 5, Matched: 3, Matchness: 0.40, Th_stop_draft: 0.30
drafting phase..
drafting phase..
drafting phase..
drafting phase..
drafting phase..
drafted:  5
------ sent for verification ------
Drafted: 5, Matched: 5, Matchness: 0.60, Th_stop_draft: 0.30
drafting phase..
drafting phase..
drafting phase..
drafting phase..
drafting phase..
drafted:  5
------ sent for verification ------
Drafted: 5, Matched: 2, Matchness: 0.40, Th_stop_draft: 0.30
drafting phase..
drafting phase..
drafting phase..
drafting phase..
drafting phase..
drafted:  5
------ sent for verification ------
Drafted: 5, Matched: 5, Matchness: 0.60, Th_stop_draft: 0.30
drafting phase..
drafting phase..
drafting phase..
drafting phase..
drafting phase..
drafted:  5
------ sent for verification ------
Drafted: 5, Matched: 1, Matchness: 0.30, Th_stop_draft: 0.31
drafting phase..
drafting phase..
drafting phase..
drafting phase..
drafting phase..
drafted:  5
------ sent for verification ------
Drafted: 5, Matched: 5, Matchness: 0.55, Th_stop_draft: 0.31
drafting phase..
drafting phase..
drafting phase..
drafting phase..
drafting phase..
drafted:  5
------ sent for verification ------
Drafted: 5, Matched: 5, Matchness: 0.68, Th_stop_draft: 0.31
drafting phase..
drafting phase..
drafting phase..
drafting phase..
drafting phase..
drafted:  5
------ sent for verification ------
Drafted: 5, Matched: 4, Matchness: 0.64, Th_stop_draft: 0.31
drafting phase..
drafting phase..
drafting phase..
drafting phase..
drafting phase..
drafted:  5
------ sent for verification ------
Drafted: 5, Matched: 5, Matchness: 0.72, Th_stop_draft: 0.31
drafting phase..
drafting phase..
drafting phase..
drafting phase..
drafting phase..
drafted:  5
------ sent for verification ------
Drafted: 5, Matched: 5, Matchness: 0.76, Th_stop_draft: 0.31
drafting phase..
drafting phase..
drafting phase..
drafting phase..
drafting phase..
drafted:  5
------ sent for verification ------
Drafted: 5, Matched: 5, Matchness: 0.78, Th_stop_draft: 0.31
drafting phase..
drafting phase..
drafting phase..
drafting phase..
drafting phase..
drafted:  5
------ sent for verification ------
Drafted: 5, Matched: 5, Matchness: 0.79, Th_stop_draft: 0.31
drafting phase..
drafting phase..
drafting phase..
drafting phase..
drafting phase..
drafted:  5
------ sent for verification ------
Drafted: 5, Matched: 5, Matchness: 0.79, Th_stop_draft: 0.31
drafting phase..
drafting phase..
drafting phase..
drafting phase..
drafting phase..
drafted:  5
------ sent for verification ------
Drafted: 5, Matched: 5, Matchness: 0.80, Th_stop_draft: 0.32
drafting phase..
drafting phase..
drafting phase..
drafting phase..
drafting phase..
drafted:  5
------ sent for verification ------
Drafted: 5, Matched: 5, Matchness: 0.80, Th_stop_draft: 0.32
drafting phase..
drafting phase..
drafting phase..
drafting phase..
drafting phase..
drafted:  5
------ sent for verification ------
Drafted: 5, Matched: 5, Matchness: 0.80, Th_stop_draft: 0.32
drafting phase..
drafting phase..
drafting phase..
drafting phase..
drafting phase..
drafted:  5
------ sent for verification ------
Drafted: 5, Matched: 5, Matchness: 0.80, Th_stop_draft: 0.32
drafting phase..
drafting phase..
drafting phase..
drafting phase..
drafting phase..
drafted:  5
------ sent for verification ------
Drafted: 5, Matched: 5, Matchness: 0.80, Th_stop_draft: 0.32
drafting phase..
drafting phase..
drafting phase..
drafting phase..
drafting phase..
drafted:  5
------ sent for verification ------
Drafted: 5, Matched: 5, Matchness: 0.80, Th_stop_draft: 0.32
drafting phase..
drafting phase..
drafting phase..
drafting phase..
drafting phase..
drafted:  5
------ sent for verification ------
Drafted: 5, Matched: 5, Matchness: 0.80, Th_stop_draft: 0.32
drafting phase..
drafting phase..
drafting phase..
drafting phase..
drafting phase..
drafted:  5
------ sent for verification ------
Drafted: 5, Matched: 5, Matchness: 0.80, Th_stop_draft: 0.32
drafting phase..
drafting phase..
drafting phase..
drafting phase..
drafting phase..
drafted:  5
------ sent for verification ------
Drafted: 5, Matched: 5, Matchness: 0.80, Th_stop_draft: 0.32
drafting phase..
drafting phase..
drafting phase..
drafting phase..
drafting phase..
drafted:  5
------ sent for verification ------
Drafted: 5, Matched: 5, Matchness: 0.80, Th_stop_draft: 0.32
drafting phase..
drafting phase..
drafting phase..
drafting phase..
drafting phase..
drafted:  5
------ sent for verification ------
Drafted: 5, Matched: 2, Matchness: 0.50, Th_stop_draft: 0.33
drafting phase..
drafting phase..
drafting phase..
drafting phase..
drafting phase..
drafted:  5
------ sent for verification ------
Drafted: 5, Matched: 5, Matchness: 0.65, Th_stop_draft: 0.33
drafting phase..
drafting phase..
drafting phase..
drafting phase..
drafting phase..
drafted:  5
------ sent for verification ------
Drafted: 5, Matched: 5, Matchness: 0.72, Th_stop_draft: 0.33
drafting phase..
drafting phase..
drafting phase..
drafting phase..
drafting phase..
drafted:  5
------ sent for verification ------
Drafted: 5, Matched: 5, Matchness: 0.76, Th_stop_draft: 0.33
Prompt: public static void main(String[] args) {
    //Fizzbuzz
--------------------------------------------------

    for (int i = 1; i <= 100; i++) {
      if (i % 3 == 0 && i % 5 == 0) {
        System.out.println("FizzBuzz");
      } else if (i % 3 == 0) {
        System.out.println("Fizz");
      } else if (i % 5 == 0) {
        System.out.println("Buzz");
      } else {
        System.out.println(i);
      }
    }

Time per token: 0.07s
